<?xml version="1.0" encoding="UTF-8"?>
<!-- Generated by org.testng.reporters.JUnitReportReporter -->
<testsuite hostname="ali-mahmoud" failures="0" tests="1" name="appium.AppiumTest" time="50.628" errors="0" timestamp="2024-12-03T20:29:24 EET" skipped="0">
  <testcase classname="appium.AppiumTest" name="configureAppium" time="50.628"/>
</testsuite> <!-- appium.AppiumTest -->
