<?xml version="1.0" encoding="UTF-8"?>
<!-- Generated by org.testng.reporters.JUnitReportReporter -->
<testsuite hostname="ali-mahmoud" failures="0" tests="1" name="dWTestRunner.DWTestRunner" time="83.479" errors="0" timestamp="2024-12-12T19:48:08 EET" skipped="0">
  <testcase classname="dWTestRunner.DWTestRunner" name="runScenario" time="83.479"/>
  <system-out/>
</testsuite> <!-- dWTestRunner.DWTestRunner -->
